<?xml version="1.0" encoding="UTF-8"?>
<!-- Generated by org.testng.reporters.JUnitReportReporter -->
<testsuite hostname="VISHESH-KUMAR" failures="0" tests="1" name="com.orangeHRM_Tests.DummyClass" time="11.381" errors="0" timestamp="2025-08-13T21:24:28 IST" skipped="0">
  <testcase classname="com.orangeHRM_Tests.DummyClass" name="Dummy" time="11.381"/>
</testsuite> <!-- com.orangeHRM_Tests.DummyClass -->
