<?xml version="1.0" encoding="UTF-8"?>
<!-- Generated by org.testng.reporters.JUnitReportReporter -->
<testsuite hostname="VISHESH-KUMAR" failures="0" tests="2" name="com.orangeHRM_Tests.LoginPageTest" time="25.107" errors="0" timestamp="2025-08-13T21:24:28 IST" skipped="0">
  <testcase classname="com.orangeHRM_Tests.LoginPageTest" name="invalidlogin" time="11.305"/>
  <testcase classname="com.orangeHRM_Tests.LoginPageTest" name="verifyvalidloginTest" time="13.802"/>
</testsuite> <!-- com.orangeHRM_Tests.LoginPageTest -->
