<?xml version="1.0" encoding="UTF-8"?>
<!-- Generated by org.testng.reporters.JUnitReportReporter -->
<testsuite hostname="VISHESH-KUMAR" failures="0" tests="1" name="com.orangeHRM_Tests.HomePageTest" time="15.792" errors="0" timestamp="2025-07-31T11:39:05 IST" skipped="0">
  <testcase classname="com.orangeHRM_Tests.HomePageTest" name="VerifyOrangeHRMlogo" time="15.792"/>
</testsuite> <!-- com.orangeHRM_Tests.HomePageTest -->
