<?xml version="1.0" encoding="UTF-8"?>
<!-- Generated by org.testng.reporters.JUnitReportReporter -->
<testsuite hostname="VISHESH-KUMAR" failures="0" tests="1" name="com.orangeHRM_Tests.DummyClass2" time="26.677" errors="0" timestamp="2025-07-30T22:27:03 IST" skipped="0">
  <testcase classname="com.orangeHRM_Tests.DummyClass2" name="Dummy2" time="26.677"/>
</testsuite> <!-- com.orangeHRM_Tests.DummyClass2 -->
