<?xml version="1.0" encoding="UTF-8"?>
<!-- Generated by org.testng.reporters.JUnitReportReporter -->
<testsuite hostname="VISHESH-KUMAR" failures="0" tests="1" name="com.orangeHRM_Tests.LoginPageTest" time="84.542" errors="0" timestamp="2025-07-30T22:30:15 IST" skipped="0">
  <testcase classname="com.orangeHRM_Tests.LoginPageTest" name="invalidlogin" time="84.542"/>
</testsuite> <!-- com.orangeHRM_Tests.LoginPageTest -->
