<?xml version="1.0" encoding="UTF-8"?>
<!-- Generated by org.testng.reporters.JUnitReportReporter -->
<testsuite hostname="VISHESH-KUMAR" failures="0" tests="1" name="com.orangeHRM_Tests.DummyClass" time="26.273" errors="0" timestamp="2025-07-30T22:27:03 IST" skipped="0">
  <testcase classname="com.orangeHRM_Tests.DummyClass" name="Dummy" time="26.273"/>
</testsuite> <!-- com.orangeHRM_Tests.DummyClass -->
